This file contains any messages produced by compilers while
running configure, to aid debugging if configure makes a mistake.

It was created by configure, which was
generated by GNU Autoconf 2.59.  Invocation command line was

  $ ./configure 

## --------- ##
## Platform. ##
## --------- ##

hostname = rafael-Ubuntu
uname -m = x86_64
uname -r = 5.4.0-53-generic
uname -s = Linux
uname -v = #59-Ubuntu SMP Wed Oct 21 09:38:44 UTC 2020

/usr/bin/uname -p = x86_64
/bin/uname -X     = unknown

/bin/arch              = x86_64
/usr/bin/arch -k       = unknown
/usr/convex/getsysinfo = unknown
hostinfo               = unknown
/bin/machine           = unknown
/usr/bin/oslevel       = unknown
/bin/universe          = unknown

PATH: usr/local/sbin
PATH: /usr/local/bin
PATH: usr/sbin
PATH: /usr/bin
PATH: /sbin
PATH: /bin
PATH: /usr/games
PATH: /usr/local/games
PATH: /home/rafael/OtherPrograms/SoundWireServer
PATH: /snap/bin


## ----------- ##
## Core tests. ##
## ----------- ##

configure:1402: result: For more verbose output, run ./configure --enable-verbose
configure:1413: checking if your path has 'program files/java' instead of 'Program Files/Java' 
configure:1428: result: ok
configure:1468: checking if $PTII ('/home/rafael/Documentos/EngenhariaDeComputacao/Semestre8/TCC1/ptII8.0.1') has backslashes
configure:1473: result: ok
configure:1490: checking if $PTII ('/home/rafael/Documentos/EngenhariaDeComputacao/Semestre8/TCC1/ptII8.0.1') contains "cygdrive"
configure:1495: result: ok
configure:1702: checking for find
configure:1732: result: /usr/bin/find
configure:1765: checking for gawk
configure:1798: result: no
configure:1803: WARNING: Couldn't find gawk, looking for awk. gawk or awk is used by maven.
configure:1807: checking for awk
configure:1825: found /usr/bin/awk
configure:1837: result: /usr/bin/awk
configure:1896: checking for javac
configure:1914: found /usr/bin/javac
configure:1926: result: /usr/bin/javac
configure:2012: checking for the java runtime in /usr/bin
configure:2015: result: ok
configure:2020: checking for java
configure:2038: found /usr/bin/java
configure:2050: result: /usr/bin/java
configure:2162: checking for the java compiler in /usr/bin
configure:2165: result: ok
configure:2170: checking for javac
configure:2200: result: /usr/bin/javac
configure:2319: checking the Java compiler with a simple compile
configure:2329: result: ok
configure:2333: checking the value of the java.version Property 
configure:2339: result: ok
configure:2404: checking the JDK version
configure:2434: result: ok
configure:2478: checking for java.home property by compiling a test program 
configure:2482: result: ok
configure:2485: checking for java.home property by running a test program 
configure:2490: result: ok
configure:2508: checking for the jar command
configure:2511: result: ok
configure:2570: checking that /usr/bin/jar can handle -i
configure:2577: result: ok
configure:2602: checking for the jarsigner command
configure:2605: result: ok
configure:2674: checking for the javaws command
configure:2690: WARNING: Cannot find '/usr/bin/javaws'.
       or '/Commands/javaws', looking in the path.
       This is only a problem when testing the Java Webstart (JNLP) files.
configure:2696: checking for javaws
configure:2729: result: no
configure:2738: WARNING: The javaws command "" is not executable or not found.
    This is only a problem when testing the Java Webstart (JNLP) files.
configure:2746: checking for the keytool command
configure:2749: result: ok
configure:2822: checking for the proper CLASSPATH separator
configure:2833: result: ok
configure:4583: checking for BSH, the Java Bean Shell
configure:4586: result: ok
configure:4690: checking for Cal, the actor language
configure:4702: result: ok
configure:4706: checking for saxon8.jar (used by caltrop)
configure:4709: result: ok
configure:4713: checking for saxon8-dom.jar (used by caltrop)
configure:4716: result: ok
configure:4719: checking for java_cup.jar (used by caltrop)
configure:4722: result: ok
configure:4887: checking for optional codegen packages on which to run javadoc
configure:4903: result: ok
configure:4940: checking for Ptolemy subset of Colt, the scientific computing lib
configure:4943: result: ok
configure:4959: checking for Full version of Colt, the scientific computing lib
configure:5005: result: ok
configure:5038: checking for CUnit to be used to test the C codegen templates
configure:5074: WARNING: Failed to find CUnit in /usr/local or
    /home/rafael/Documentos/EngenhariaDeComputacao/Semestre8/TCC1/ptII8.0.1/vendors/CUnit.
    CUnit is only necessary to test the C templates of the code generation facility
configure:5113: checking for tools.jar for use with doclets
configure:5129: WARNING: Could not find tools.jar, checking for classes.jar
configure:5131: checking for classes.jar for use with doclets
configure:5146: WARNING: Could not find tools.jar or classes.jar in
    PTJAVA_HOME = /usr/lib/jvm/java-14-openjdk-amd64
    Usually, tools.jar is in PTJAVA_HOME/../lib/tools.jar
    or classes.jar is in PTJAVA_HOME/../Classes/classes.jar
    Since tools.jar and classes.jar cannot be found,
    we will not use doclets from ptII/doc/doclets, which
    means that the actor documentation index system will not work.
configure:5186: checking for javadoc
configure:5204: found /usr/bin/javadoc
configure:5216: result: /usr/bin/javadoc
configure:5293: checking for Eclipse installation
configure:5324: WARNING: Failed to find Eclipse in c:/Program\ Files/eclipse
configure:5326: checking for /home/rafael/Documentos/EngenhariaDeComputacao/Semestre8/TCC1/ptII8.0.1/vendors/eclipse
configure:5334: WARNING: Failed to find Eclipse in /home/rafael/Documentos/EngenhariaDeComputacao/Semestre8/TCC1/ptII8.0.1/vendors/eclipse
configure:5338: checking for eclipse
configure:5356: found /snap/bin/eclipse
configure:5368: result: /snap/bin/eclipse
configure:5383: result: ok
configure:5386: checking for jars used by backtracking in /snap/bin
configure:5412: WARNING: Failed to find eclipse.jdt.core_ in /snap/bin: 
configure:5507: WARNING: Failed to find Eclipse
    perhaps Eclipse is not installed?
    The backtracking facility requires Eclipse 3.2 or greater.
    You need not download Eclipse unless you plan on using the backtracking
    facility in ptolemy.backtrack.
    Eclipse may be downloaded from http://www.eclipse.org/
configure:5545: checking for FuzzyEngine directory
configure:5576: WARNING: Failed to find fuzzy/FuzzyEngine.class
    in /home/rafael/Documentos/EngenhariaDeComputacao/Semestre8/TCC1/ptII8.0.1/vendors/misc/FuzzyEngine.
    Perhaps the FuzzyEngine is not installed?
    You need not download the FuzzyEngine interface unless you
    plan on using the actor.lib.logic.fuzzy actors with Ptolemy II.
    The FuzzyEngine interface can be downloaded from
    http://people.clarkson.edu/~esazonov/FuzzyEngine.htm
    an untar'd into /home/rafael/Documentos/EngenhariaDeComputacao/Semestre8/TCC1/ptII8.0.1/vendors/misc so that
    /home/rafael/Documentos/EngenhariaDeComputacao/Semestre8/TCC1/ptII8.0.1/vendors/misc/FuzzyEngine/fuzzy/FuzzyEngine.class exists. 
configure:5882: checking for the iText PDF jar
configure:5913: WARNING: Failed to find iText.jar
    as /home/rafael/Documentos/EngenhariaDeComputacao/Semestre8/TCC1/ptII8.0.1/vendors/misc/itext/iText.jar.
    Perhaps the iText is not installed?
    You need not download the iText interface unless you
    would like to export PDF from Vergil.
    Note that the iText jar file has the Affero General Public License (AGPL),
    which is an extension of the GNU Public License.
    To use the iText interface, download iText from http://itextpdf.com
    place iText.jar in /home/rafael/Documentos/EngenhariaDeComputacao/Semestre8/TCC1/ptII8.0.1/vendors/misc/itext/ and then rerun configure.
configure:6684: checking for Java Advanced Imaging (JAI) API
configure:6760: WARNING: '"/usr/bin/javac" JAITest.java' failed.
    perhaps the Java Advanced Imaging API is not installed?
    You need not download Jai unless you plan on using the video
    actors in /home/rafael/Documentos/EngenhariaDeComputacao/Semestre8/TCC1/ptII8.0.1/ptolemy/actor/lib/jai
    The JAI API can be downloaded from
    http://java.sun.com/products/java-media/jai/
configure:6797: checking for Java Media Framework (JMF)
configure:6871: WARNING: '"/usr/bin/javac" JMFTest.java' failed.
    perhaps the Java Media Framework (JMF) is not installed?
    You need not download the JMF unless you plan on using the video
    actors in /home/rafael/Documentos/EngenhariaDeComputacao/Semestre8/TCC1/ptII8.0.1/ptolemy/actor/lib/jmf
    The JMF SDK can be downloaded from
    http://java.sun.com/products/java-media/jmf
configure:7003: checking for joystick jar file
configure:7031: WARNING: Failed to find /home/rafael/Documentos/EngenhariaDeComputacao/Semestre8/TCC1/ptII8.0.1/vendors/misc/joystick/Joystick.jar
    perhaps the Joystick is not installed?
    You need not download the Joystick interface unless you
    plan on using a Joystick with Ptolemy II.
    The Joystick interface can be downloaded from
    http://sourceforge.net/projects/javajoystick/
configure:7071: checking for the JUnit - the Java Unit Testing Framework
configure:7083: result: ok
configure:7204: checking for jython
configure:7237: result: no
configure:7260: checking for jython.bat
configure:7293: result: no
configure:7315: checking for Jython, the Java implementation of Python
configure:7350: result: ok
configure:7414: checking for jxta directory that contains jxta.jar
configure:7439: WARNING: Failed to find PTII/vendors/sun/jxta/jxta.jar
    perhaps JXTA is not installed?
    You need not download JXTA unless you plan on using the peer to peer
    actors in ptolemy/actor/lib/jxta
    The JXTA SDK can be downloaded from http://www.jxta.org
configure:7487: checking for kieler jar file used by layout 
configure:7499: result: ok
configure:7940: checking for rxtx directory
configure:7958: result: Did not find
	'${PTII}/vendors/misc/rxtx/RXTXcomm.jar'
configure:7961: checking for rxtx classes in CLASSPATH
configure:8010: WARNING: Perhaps rxtx is not installed?
    You need not download rxtx unless you plan the actors in actor.lib.comm.
    The rxtx package can be found at
    http://rxtx.qbang.org/wiki/index.php/Download
    and placed in $PTII/vendors/misc/rxtx so that
    $PTII/vendors/misc/rxtx/RXTXComm.jar exists.
configure:8116: checking for JavaCC
configure:8139: WARNING: Could not find directory
    '/home/rafael/Documentos/EngenhariaDeComputacao/Semestre8/TCC1/ptII8.0.1/vendors/sun/javacc-4.0'
    so we search for the jjtree command.
configure:8145: checking for jjtree
configure:8163: found /usr/bin/jjtree
configure:8175: result: /usr/bin/jjtree
configure:8183: result: ok
configure:8194: result: ok
configure:8197: checking for jjtree
configure:8202: result: ok
configure:8209: checking for javacc
configure:8214: result: ok
configure:8286: checking for ptjacl.jar
configure:8298: result: ok
configure:8301: checking for how to run jacl with "/usr/bin/java"
configure:8305: result: ok
configure:8371: checking for Java 3D
configure:8417: WARNING: '"/usr/bin/javac" -classpath "." java3dTest.java' failed.
    Java 3D may be found at http://java.sun.com/products/java-media/3D/download.html
    Java 3D is only needed if you want to build in
    /home/rafael/Documentos/EngenhariaDeComputacao/Semestre8/TCC1/ptII8.0.1/ptolemy/domains/gr,
    otherwise the build will proceed fine without Java 3D.
    If your Java 3D installation is in a non-standard place, use  --with-java3d=DIR
    where DIR contains j3dcore.jar, j3dutils.jar and vecmath.jar, for example:
    ./configure --with-java3D=/usr/java/j3d-1_5_2-linux-amd64/lib/ext
configure:8455: checking for jini directory
configure:8469: result: ok
configure:8472: checking for jars used by jini
configure:8498: result: ok
configure:8548: checking for the proper JNI architecture
configure:8615: checking for gcc
configure:8633: found /usr/bin/gcc
configure:8645: result: /usr/bin/gcc
configure:8655: checking for cc
configure:8685: result: /usr/bin/gcc
configure:8703: checking for javah
configure:8736: result: no
configure:8742: WARNING:  Failed to find javah at '', perhaps Java is not installed?
configure:8747: result: ok
configure:8753: result: ok
configure:8757: checking for the proper JNI architecture include directory
configure:8766: WARNING: /usr/lib/jvm/java-14-openjdk-amd64/../include was not found.  As a result, compilation of JNI actors will fail.
configure:8774: checking for the proper JNI library architecture
configure:8790: result: ok
configure:8794: checking for the proper JNI architecture lib directory
configure:8805: WARNING: /usr/lib/jvm/java-14-openjdk-amd64/lib/amd64 was not found.
    As a result, /home/rafael/Documentos/EngenhariaDeComputacao/Semestre8/TCC1/ptII8.0.1/jni/launcher/launcher might not work.
configure:8814: checking for if the -mno-cygwin flag is available
configure:8822: result: ok
configure:8826: checking for the proper shared library gcc flag
configure:8832: result: ok
configure:8836: checking for the proper shared library cc flag
configure:8846: result: ok
configure:8850: checking for the proper shared library link flag
configure:8858: result: ok
configure:8862: checking for the proper shared library prefix
configure:8871: result: ok
configure:8875: checking for the proper shared library suffix
configure:8887: result: ok
configure:8891: checking for JNI libraries needed to link JNI
configure:8900: result: ok
configure:9119: checking for matlab
configure:9152: result: no
configure:9160: WARNING: Failed to find matlab executable in the path.
    Perhaps Matlab is not installed?
    If Matlab is not present, then the Ptolemy II/Matlab interface in
    $PTII/ptolemy/matlab will not be usable.
configure:9716: checking for mapss.jar, used by the PSDF domain
configure:9728: result: ok
configure:9770: checking for anltr.jar, used by the Ptalon
configure:9782: result: ok
configure:9835: checking for Quicktime for Java
configure:9852: checking the which major type of OS we are running under
configure:9858: result: ok
configure:9914: WARNING: '"/usr/bin/javac" quickTime3dTest.java' failed.
    You may need to install QuickTime with the 'QuickTime For
    Java' option from http://developer.apple.com/quicktime/qtjava/
    During installation, choose 'custom' and then 'select all'.
    This drops QTJava.zip into the lib/ext of all your installed JREs.
    Then you have to copy this zip file to the jre/lib/ext directory
    of your SDK and rerun configure.
    If configure still fails, you may need to unzip the QTJava.zip
    file and create a QTJava.jar file:
       # unzip QTJava.zip
       cd QTJava
       jar -cf ../QTJava.jar .
    QuickTime for Java is only needed if you want to build in
    /home/rafael/Documentos/EngenhariaDeComputacao/Semestre8/TCC1/ptII8.0.1/ptolemy/domains/gr/lib/quicktime,
    otherwise the build will proceed fine without Quicktime for Java.
configure:9980: checking for soot directory
configure:9992: result: ok
configure:9995: checking for $SOOT_DIR/sootclasses.jar
configure:9998: result: ok
configure:10001: checking for $SOOT_DIR/jasminclasses.jar
configure:10004: result: ok
configure:10008: checking for $SOOT_DIR/polyglotclasses-1.3.2.jar
configure:10011: result: ok
configure:10041: checking for rt.jar by compiling config/SystemJar.java
configure:10055: result: ok
configure:10058: checking the location or rt.jar
configure:10063: result: ok
configure:10138: checking for mysql jar, used by the database actors
configure:10149: result: ok
configure:10157: checking for ojdbc.jar, used by the database actors
configure:10169: result: ok
configure:10240: checking for PDFRenderer
configure:10252: result: ok
configure:10298: checking for Batik SVG
configure:10321: WARNING: Failed to find Batik Jar file
    You need only have Batik if you are planning on rebuilding diva.jar
    for use with Kepler.
    Batik can be downloaded from http://xmlgraphics.apache.org/batik/
configure:10426: checking the for TinyOS
configure:10429: WARNING: $TOSROOT is not set.  It must be set to use PtinyOS.
configure:10435: WARNING: $TOSROOT is set to '',
     but there is no directory by that name, so we will not set up for PtinyOS.
     For details, see /home/rafael/Documentos/EngenhariaDeComputacao/Semestre8/TCC1/ptII8.0.1/ptolemy/domains/ptinyos/README.txt.
configure:10572: checking for giotto directory
configure:10611: WARNING: Failed to find giotto/gdk.jar
    perhaps Giotto is not installed?
    You need not download Giotto unless you plan on generating code for
    Giotto models.
    The Giotto SDK can be
    downloaded from http://www-cad.eecs.berkeley.edu/~giotto/
    Copy gdk.jar to /home/rafael/Documentos/EngenhariaDeComputacao/Semestre8/TCC1/ptII8.0.1/vendors/giotto, for example:
        mkdir -p /home/rafael/Documentos/EngenhariaDeComputacao/Semestre8/TCC1/ptII8.0.1/vendors/giotto
        cp C:/Program\ Files/Giotto*/gdk.jar /home/rafael/Documentos/EngenhariaDeComputacao/Semestre8/TCC1/ptII8.0.1/vendors/giotto/
configure:10756: WARNING: The Java Serial Port Communications API is not installed.
    The X10 Interface requires rxtx to interface to the serial port
    The rxtx package can be found at
    http://rxtx.qbang.org/wiki/index.php/Download
    and placed in $PTII/vendors/misc/rxtx so that
    $PTII/vendors/misc/rxtx/RXTXComm.jar exists.
configure:10881: checking for gcc
configure:10899: found /usr/bin/gcc
configure:10911: result: /usr/bin/gcc
configure:10973: checking for libexpat
configure:10999: WARNING: Failed to find libexpat.so
    The LBNL Simulation facility in $PTII/lbnl/lib/util requires libexpat.
    However, Ptolemy will run without this facility.
configure:11005: checking for expat.h
configure:11017: result: ok
configure:11885: creating ./config.status

## ---------------------- ##
## Running config.status. ##
## ---------------------- ##

This file was extended by config.status, which was
generated by GNU Autoconf 2.59.  Invocation command line was

  CONFIG_FILES    = 
  CONFIG_HEADERS  = 
  CONFIG_LINKS    = 
  CONFIG_COMMANDS = 
  $ ./config.status 

on rafael-Ubuntu

config.status:833: creating mk/ptII.mk
config.status:833: creating bin/ptinvoke
config.status:833: creating .classpath
config.status:833: creating bin/comm.policy
config.status:833: creating lib/ptII.properties
config.status:1015: executing default commands

## ---------------- ##
## Cache variables. ##
## ---------------- ##

ac_cv_env_CC_set=
ac_cv_env_CC_value=
ac_cv_env_CFLAGS_set=
ac_cv_env_CFLAGS_value=
ac_cv_env_CPPFLAGS_set=
ac_cv_env_CPPFLAGS_value=
ac_cv_env_CPP_set=
ac_cv_env_CPP_value=
ac_cv_env_CXXFLAGS_set=
ac_cv_env_CXXFLAGS_value=
ac_cv_env_CXX_set=
ac_cv_env_CXX_value=
ac_cv_env_LDFLAGS_set=
ac_cv_env_LDFLAGS_value=
ac_cv_env_build_alias_set=
ac_cv_env_build_alias_value=
ac_cv_env_host_alias_set=
ac_cv_env_host_alias_value=
ac_cv_env_target_alias_set=
ac_cv_env_target_alias_value=
ac_cv_path_FIND=/usr/bin/find
ac_cv_path_GAWK=/usr/bin/awk
ac_cv_path_JAVA=/usr/bin/java
ac_cv_path_JAVAC=/usr/bin/javac
ac_cv_path_JAVADOC=/usr/bin/javadoc
ac_cv_path_JJTREE=/usr/bin/jjtree
ac_cv_path_PTCC=/usr/bin/gcc
ac_cv_path_PTCCJNI=/usr/bin/gcc
ac_cv_path_PTECLIPSE=/snap/bin/eclipse

## ----------------- ##
## Output variables. ##
## ----------------- ##

ANTLR_DIR='/home/rafael/Documentos/EngenhariaDeComputacao/Semestre8/TCC1/ptII8.0.1/ptolemy/actor/ptalon/antlr'
CALTROP_DIR='/home/rafael/Documentos/EngenhariaDeComputacao/Semestre8/TCC1/ptII8.0.1/lib'
CC=''
CFLAGS=''
CHIC_DIR='${PTII}/lib'
CLASSPATHSEPARATOR=':'
CMD_PATH=''
CMKIT_DIR='${PTII}/vendors/cm'
COLT_DIR='/home/rafael/Documentos/EngenhariaDeComputacao/Semestre8/TCC1/ptII8.0.1/vendors/misc/colt'
CPP=''
CPPFLAGS=''
CXX=''
CXXFLAGS=''
DEFS='-DPACKAGE_NAME=\"\" -DPACKAGE_TARNAME=\"\" -DPACKAGE_VERSION=\"\" -DPACKAGE_STRING=\"\" -DPACKAGE_BUGREPORT=\"\" '
ECHO_C=''
ECHO_N='-n'
ECHO_T=''
ECLIPSE_CLASSPATHENTRY_LIBS=' 	        <classpathentry kind="lib" path="/home/rafael/Documentos/EngenhariaDeComputacao/Semestre8/TCC1/ptII8.0.1/lib/bsh-2.0b4.jar"/>      <classpathentry kind="lib" path="/home/rafael/Documentos/EngenhariaDeComputacao/Semestre8/TCC1/ptII8.0.1/lib/ptCal.jar"/>     <classpathentry kind="lib" path="/home/rafael/Documentos/EngenhariaDeComputacao/Semestre8/TCC1/ptII8.0.1/lib/java_cup.jar"/>     <classpathentry kind="lib" path="/home/rafael/Documentos/EngenhariaDeComputacao/Semestre8/TCC1/ptII8.0.1/lib/saxon8.jar"/>     <classpathentry kind="lib" path="/home/rafael/Documentos/EngenhariaDeComputacao/Semestre8/TCC1/ptII8.0.1/lib/saxon8-dom.jar"/>  	        <classpathentry kind="lib" path="/home/rafael/Documentos/EngenhariaDeComputacao/Semestre8/TCC1/ptII8.0.1/lib/ptcolt.jar"/>      <classpathentry kind="lib" path="/home/rafael/Documentos/EngenhariaDeComputacao/Semestre8/TCC1/ptII8.0.1/lib/junit-4.8.2.jar"/>     <classpathentry kind="lib" path="/home/rafael/Documentos/EngenhariaDeComputacao/Semestre8/TCC1/ptII8.0.1/lib/jython.jar"/>     <classpathentry kind="lib" path="/home/rafael/Documentos/EngenhariaDeComputacao/Semestre8/TCC1/ptII8.0.1/lib/kieler.jar"/>     <classpathentry kind="lib" path="/home/rafael/Documentos/EngenhariaDeComputacao/Semestre8/TCC1/ptII8.0.1/lib/ptjacl.jar"/>                 <classpathentry kind="lib" path="/home/rafael/Documentos/EngenhariaDeComputacao/Semestre8/TCC1/ptII8.0.1/ptolemy/distributed/jini/jar/jini-core.jar"/>                 <classpathentry kind="lib" path="/home/rafael/Documentos/EngenhariaDeComputacao/Semestre8/TCC1/ptII8.0.1/ptolemy/distributed/jini/jar/jini-ext.jar"/>                 <classpathentry kind="lib" path="/home/rafael/Documentos/EngenhariaDeComputacao/Semestre8/TCC1/ptII8.0.1/ptolemy/distributed/jini/jar/sun-util.jar"/>     <classpathentry kind="lib" path="/home/rafael/Documentos/EngenhariaDeComputacao/Semestre8/TCC1/ptII8.0.1/lib/mapss.jar"/>      <classpathentry kind="lib" path="/home/rafael/Documentos/EngenhariaDeComputacao/Semestre8/TCC1/ptII8.0.1/ptolemy/actor/ptalon/antlr/antlr.jar"/>      <classpathentry kind="lib" path="/home/rafael/Documentos/EngenhariaDeComputacao/Semestre8/TCC1/ptII8.0.1/lib/sootclasses.jar"/>     <classpathentry kind="lib" path="/home/rafael/Documentos/EngenhariaDeComputacao/Semestre8/TCC1/ptII8.0.1/lib/polyglotclasses-1.3.2.jar"/>     <classpathentry kind="lib" path="/home/rafael/Documentos/EngenhariaDeComputacao/Semestre8/TCC1/ptII8.0.1/lib/jasminclasses.jar"/>        <classpathentry kind="lib" path="/home/rafael/Documentos/EngenhariaDeComputacao/Semestre8/TCC1/ptII8.0.1/ptolemy/actor/lib/database/mysql-connector-java-5.1.6-bin.jar"/>         <classpathentry kind="lib" path="/home/rafael/Documentos/EngenhariaDeComputacao/Semestre8/TCC1/ptII8.0.1/ptolemy/actor/lib/database/ojdbc6.jar"/>          <classpathentry kind="lib" path="/home/rafael/Documentos/EngenhariaDeComputacao/Semestre8/TCC1/ptII8.0.1/lib/PDFRenderer.jar"/>'
ECLIPSE_CLASSPATHENTRY_PDE_REQUIREDPLUGINS='<classpathentry kind="con" path="org.eclipse.pde.core.requiredPlugins"/>'
ECLIPSE_DIR='/snap/bin'
ECLIPSE_EXCLUDING_SRC='|ptolemy/actor/gui/run|ptolemy/chic/|doc/doclets/|ptolemy/backtrack/|ptolemy/backtrack/ast/|ptolemy/actor/lib/logic/fuzzy/|ptolemy/vergil/basic/itextpdf/|ptolemy/actor/lib/jai/|ptolemy/actor/lib/jmf/|ptolemy/actor/lib/joystick/|ptolemy/actor/lib/excel/|vendors/sun/jxta/|ptolemy/actor/lib/jxta/|ptolemy/moml/jxta/|ptolemy/actor/lib/opencv/|ptolemy/actor/lib/io/comm/|ptolemy/domains/gr/|ptolemy/matlab/|ptolemy/domains/gr/lib/quicktime/|diva/util/java2d/svg/|ptolemy/domains/ptinyos/|ptolemy/actor/lib/x10/|ptolemy/actor/lib/x10/'
EGREP=''
EXEEXT=''
FIND='/usr/bin/find'
GAWK='/usr/bin/awk'
GC_INCLUDE_DIR=''
GC_LD_DIRECTIVE=''
GIOTTO_CLASSES='${GIOTTO_DIR}/gdk.jar'
GIOTTO_DIR='${PTII}/vendors/giotto'
IMAGEJ_JAR=''
JAI_JARS=''
JAR='/usr/bin/jar'
JARSIGNER='/usr/bin/jarsigner'
JAR_INDEX='"$(JAR)" $(JAR_FLAGS) -i $@'
JAVA3D_JARS=''
JAVA='/usr/bin/java'
JAVAC='/usr/bin/javac'
JAVACC='$(JAVACC_DIR)/bin/javacc'
JAVACC_DIR='/usr'
JAVACV_JAR=''
JAVADOC='/usr/bin/javadoc'
JAVAH=''
JAVAWS=''
JAVAX_CRYPTO_JAR='${PTJAVA_HOME}/lib/jce.jar'
JAVA_SYSTEM_JAR=''
JDOCBREAKITERATOR='-breakiterator'
JDOCSOURCEFLAGS=''
JDOCTAG=''
JDOCTAGLET=''
JINI_DIR='/home/rafael/Documentos/EngenhariaDeComputacao/Semestre8/TCC1/ptII8.0.1/ptolemy/distributed/jini'
JINI_PRESENT='yes'
JJTREE='$(JAVACC_DIR)/bin/jjtree'
JMF_JARS=''
JNA_JAR=''
JODE_CLASSES='${JODE_DIR}/jode.jar'
JOYSTICK_JAR='${PTII}/vendors/misc/joystick/Joystick.jar'
JTCLSH='"$(JAVA)" -Xmx1000M $(JAVAFLAGS) "-Dptolemy.ptII.dir=$(PTII)" $(JTCLSHFLAGS) tcl.lang.Shell'
JTREE=''
JVERSION='14.0.2'
JXTA_DIR='${PTII}/vendors/sun/jxta'
JYTHON_DIR='/home/rafael/Documentos/EngenhariaDeComputacao/Semestre8/TCC1/ptII8.0.1/lib'
KEYTOOL='/usr/bin/keytool'
KIELER_JAR='/home/rafael/Documentos/EngenhariaDeComputacao/Semestre8/TCC1/ptII8.0.1/lib/kieler.jar'
KVM_CLASSES='$(KVM_DIR)/bin/api/classes'
KVM_DIR='${PTII}/vendors/sun/j2me_cldc'
LDFLAGS=''
LEJOS_DIR='${PTII}/vendors/lejos/lejosBeta3'
LIBEXPAT_INCLUDE_DIR='/usr/include'
LIBEXPAT_LIB_DIR=''
LIBOBJS=''
LIBS=''
LTLIBOBJS=''
MAJOR_OS_NAME='Linux'
MATLAB=''
MATLAB_64LIBDIR=''
MATLAB_DIR=''
MATLAB_LIBDIR=''
MYSQL_JAR='/home/rafael/Documentos/EngenhariaDeComputacao/Semestre8/TCC1/ptII8.0.1/ptolemy/actor/lib/database/mysql-connector-java-5.1.6-bin.jar'
OBJEXT=''
OPENCV_JAR=''
ORACLE_OJDBC_JAR='/home/rafael/Documentos/EngenhariaDeComputacao/Semestre8/TCC1/ptII8.0.1/ptolemy/actor/lib/database/ojdbc6.jar'
PACKAGE_BUGREPORT=''
PACKAGE_NAME=''
PACKAGE_STRING=''
PACKAGE_TARNAME=''
PACKAGE_VERSION=''
PATH_SEPARATOR=':'
PSDF_DIR='/home/rafael/Documentos/EngenhariaDeComputacao/Semestre8/TCC1/ptII8.0.1/lib'
PTBACKTRACK_DIR='backtrack'
PTBACKTRACK_ECLIPSE_DIR=''
PTBACKTRACK_ECLIPSE_DOC_JARS=''
PTBACKTRACK_ECLIPSE_JARS=''
PTBACKTRACK_ECLIPSE_PACKAGES=''
PTBOOST_INCLUDE=''
PTBSH_JAR='/home/rafael/Documentos/EngenhariaDeComputacao/Semestre8/TCC1/ptII8.0.1/lib/bsh-2.0b4.jar'
PTBSH_MLC_DIR='mlc'
PTBSH_PACKAGES='com.jgoodies.forms.builder com.jgoodies.forms.debug com.jgoodies.forms.factories com.jgoodies.forms.layout com.jgoodies.forms.util org.mlc.swing.example org.mlc.swing.layout ptolemy.actor.gui.run'
PTBSH_RUN_DIR='run'
PTCALTROP_DIR='caltrop'
PTCC='/usr/bin/gcc'
PTCCJNI='/usr/bin/gcc'
PTCHIC_DIR=''
PTCM_DIR=''
PTCODEGEN_OPTIONAL_PACKAGES=''
PTCOLT_DIR='colt'
PTCOLT_JARS='/home/rafael/Documentos/EngenhariaDeComputacao/Semestre8/TCC1/ptII8.0.1/lib/ptcolt.jar'
PTCOLT_PACKAGES='ptolemy.actor.lib.colt'
PTCOMM_DIR=''
PTCOMM_PACKAGES=''
PTCOPERNICUS_DIR='copernicus'
PTCUNIT_DIR=''
PTDATABASE_DIR='database'
PTDATABASE_JNLP_JARS='ptolemy/actor/lib/database/database.jar ptolemy/domains/space/space.jar ptolemy/actor/lib/database/ojdbc6.jar ptolemy/actor/lib/database/mysql-connector-java-5.1.6-bin.jar'
PTDATABASE_PACKAGES='ptolemy.actor.lib.database'
PTDISTRIBUTED_DIR='distributed'
PTDISTRIBUTED_JARS=':/home/rafael/Documentos/EngenhariaDeComputacao/Semestre8/TCC1/ptII8.0.1/ptolemy/distributed/jini/jar/jini-core.jar:/home/rafael/Documentos/EngenhariaDeComputacao/Semestre8/TCC1/ptII8.0.1/ptolemy/distributed/jini/jar/jini-ext.jar:/home/rafael/Documentos/EngenhariaDeComputacao/Semestre8/TCC1/ptII8.0.1/ptolemy/distributed/jini/jar/sun-util.jar'
PTDISTRIBUTED_PACKAGES='ptolemy.distributed.actor.lib ptolemy.distributed.actor ptolemy.distributed.client ptolemy.distributed.common ptolemy.distributed.domains.sdf.kernel ptolemy.distributed.rmi ptolemy.distributed.util'
PTDOCLETS_DIR=''
PTECLIPSE='/snap/bin/eclipse'
PTEXCEL_DIR=''
PTEXCEL_PACKAGES=''
PTFUZZYENGINE_DIR='${PTII}/vendors/misc/FuzzyEngine'
PTFUZZY_DIR=''
PTFUZZY_PACKAGES=''
PTGIOTTO_DIR=''
PTGMP_INCLUDE=''
PTGMP_LD_FLAGS=''
PTGMP_LIB=''
PTGRDOMAIN_JAR=''
PTGRO_DIR=''
PTGRO_PACKAGES=''
PTGR_PACKAGES=''
PTII='/home/rafael/Documentos/EngenhariaDeComputacao/Semestre8/TCC1/ptII8.0.1'
PTII_LOCALURL='file:////home/rafael/Documentos/EngenhariaDeComputacao/Semestre8/TCC1/ptII8.0.1'
PTITEXTPDF_DIR=''
PTITEXTPDF_JAR='${PTII}/vendors/misc/itext/iText.jar'
PTITEXTPDF_PACKAGES=''
PTJACL_DIR='ptjacl'
PTJACL_JAR='/home/rafael/Documentos/EngenhariaDeComputacao/Semestre8/TCC1/ptII8.0.1/lib/ptjacl.jar'
PTJAI_DIR=''
PTJAI_PACKAGES=''
PTJAVA3D_DIR=''
PTJAVACV_DIR=''
PTJAVACV_PACKAGES=''
PTJAVA_DIR='/usr'
PTJAVA_DIR_NO_CYGDRIVE='/usr'
PTJAVA_HOME='/usr/lib/jvm/java-14-openjdk-amd64'
PTJMF_DIR=''
PTJMF_PACKAGES=''
PTJNI_ARCHITECTURE='linux'
PTJNI_DL_LIBRARY='-ldl'
PTJNI_GCC_SHARED_FLAG='-shared'
PTJNI_INCLUDE='/usr/lib/jvm/java-14-openjdk-amd64/../include'
PTJNI_LIBRARIES=''
PTJNI_LIB_ARCHITECTURE='amd64'
PTJNI_NO_CYGWIN=''
PTJNI_SHAREDLIBRARY_CFLAG='-fPIC'
PTJNI_SHAREDLIBRARY_LDFLAG='-fPIC'
PTJNI_SHAREDLIBRARY_PREFIX='lib'
PTJNI_SHAREDLIBRARY_SUFFIX2=''
PTJNI_SHAREDLIBRARY_SUFFIX='so'
PTJOGL_DIR='${PTII}/vendors/sun/jogl'
PTJOGL_JARS=''
PTJOYSTICK_DIR=''
PTJOYSTICK_PACKAGES=''
PTJXL_JAR=''
PTJXTA_DIR=''
PTJYTHON=''
PTJYTHON_BAT=''
PTJYTHON_DIR='python'
PTJYTHON_PACKAGES='ptolemy.actor.lib.python ptolemy.actor.gui.python'
PTKIELER_DIR='kieler'
PTKVM_DIR=''
PTLBNL_DIR=''
PTLBNL_JARS=''
PTLBNL_PACKAGES=''
PTLEGO_DIR=''
PTLEJOS_DIR=''
PTLIBEXPAT_DIR=''
PTMATLAB_64LD_ARGS=''
PTMATLAB_CC=''
PTMATLAB_CC_FLAGS=''
PTMATLAB_DIR=''
PTMATLAB_JARS=''
PTMATLAB_LD_ARGS=''
PTMATLAB_PACKAGES=''
PTMESCAL_DIR=''
PTOPENCVCG_DIR='OpenCVTracking'
PTOPENCV_DIR=''
PTOPENCV_INCLUDE_DIR=''
PTOPENCV_PACKAGES=''
PTPDFRENDERER_DIR='pdfrenderer'
PTPDFRENDERER_JAR='/home/rafael/Documentos/EngenhariaDeComputacao/Semestre8/TCC1/ptII8.0.1/lib/PDFRenderer.jar'
PTPROCESSING_JARS=''
PTPSDF_DIR='psdf'
PTPTALON_DIR='ptalon'
PTPTALON_PACKAGES='ptolemy.actor.ptalon ptolemy.actor.ptalon.lib ptolemy.actor.ptalon.gt'
PTQUICKTIME_DIR=''
PTQUICKTIME_PACKAGES=''
PTRXTX_PACKAGES=''
PTSPACEDOMAIN_JAR='space/space.jar'
PTSPACEDOMAIN_PACKAGES='ptolemy.domains.space'
PTSPACE_DIR='space'
PTSVG_DIR=''
PTSVG_JAR=''
PTTINI_DIR=''
PTTINYOS_DIR=''
PTWABA_DIR=''
PTX10_DIR=''
PTX10_PACKAGES=''
QTJAVA_ZIP=''
RXTX_JAR='${PTII}/vendors/misc/rxtx/RXTXcomm.jar'
RXTX_PRESENT='no'
SHELL='/bin/bash'
SOOT_CLASSES='${SOOT_DIR}/sootclasses.jar${CLASSPATHSEPARATOR}${SOOT_DIR}/jasminclasses.jar${CLASSPATHSEPARATOR}${SOOT_DIR}/polyglotclasses-1.3.2.jar${CLASSPATHSEPARATOR}${JAVA_SYSTEM_JAR}${CLASSPATHSEPARATOR}${JAVAX_CRYPTO_JAR}'
SOOT_DIR='/home/rafael/Documentos/EngenhariaDeComputacao/Semestre8/TCC1/ptII8.0.1/lib'
TINI_CLASSES='${TINI_DIR}/bin/tini.jar'
TINI_DIR='${PTII}/vendors/dalsemi/tini'
TOOLS_JAR='/usr/lib/jvm/java-14-openjdk-amd64/../Classes/classes.jar'
TOSDIR_NO_CYGDRIVE=''
TOSROOT_NO_CYGDRIVE=''
WABA_CLASSES='$(WABA_DIR)/classes'
WABA_DIR='${PTII}/vendors/misc/waba/wabasdk'
X10_CLASSES=''
X10_DIR=''
ac_ct_CC=''
ac_ct_CXX=''
bindir='${exec_prefix}/bin'
build_alias=''
datadir='${prefix}/share'
exec_prefix='${prefix}'
host_alias=''
includedir='${prefix}/include'
infodir='${prefix}/info'
libdir='${exec_prefix}/lib'
libexecdir='${exec_prefix}/libexec'
localstatedir='${prefix}/var'
mandir='${prefix}/man'
oldincludedir='/usr/include'
prefix='/home/rafael/Documentos/EngenhariaDeComputacao/Semestre8/TCC1/ptII8.0.1'
program_transform_name='s,x,x,'
sbindir='${exec_prefix}/sbin'
sharedstatedir='${prefix}/com'
sysconfdir='${prefix}/etc'
target_alias=''

## ----------- ##
## confdefs.h. ##
## ----------- ##

#define PACKAGE_BUGREPORT ""
#define PACKAGE_NAME ""
#define PACKAGE_STRING ""
#define PACKAGE_TARNAME ""
#define PACKAGE_VERSION ""

configure: exit 0
